Determining if the log exist failed with the following output:
Change Dir: /mnt/c/Users/mindy/OneDrive/Documents/Classes/Spring 2022/Open Source Software/Class Git/CSCI-4470-OpenSource/Modules/05.BuildSystems/Ex-sp17/build/cmake/Help/guide/tutorial/Step5_build/CMakeFiles/CMakeTmp

Run Build Command:"/usr/bin/make" "cmTC_90698/fast"
/usr/bin/make -f CMakeFiles/cmTC_90698.dir/build.make CMakeFiles/cmTC_90698.dir/build
make[1]: Entering directory '/mnt/c/Users/mindy/OneDrive/Documents/Classes/Spring 2022/Open Source Software/Class Git/CSCI-4470-OpenSource/Modules/05.BuildSystems/Ex-sp17/build/cmake/Help/guide/tutorial/Step5_build/CMakeFiles/CMakeTmp'
Building C object CMakeFiles/cmTC_90698.dir/CheckSymbolExists.c.o
/usr/bin/cc    -o CMakeFiles/cmTC_90698.dir/CheckSymbolExists.c.o   -c "/mnt/c/Users/mindy/OneDrive/Documents/Classes/Spring 2022/Open Source Software/Class Git/CSCI-4470-OpenSource/Modules/05.BuildSystems/Ex-sp17/build/cmake/Help/guide/tutorial/Step5_build/CMakeFiles/CMakeTmp/CheckSymbolExists.c"
Linking C executable cmTC_90698
/usr/bin/cmake -E cmake_link_script CMakeFiles/cmTC_90698.dir/link.txt --verbose=1
/usr/bin/cc      CMakeFiles/cmTC_90698.dir/CheckSymbolExists.c.o  -o cmTC_90698 
CMakeFiles/cmTC_90698.dir/CheckSymbolExists.c.o: In function `main':
CheckSymbolExists.c:(.text+0x1b): undefined reference to `log'
collect2: error: ld returned 1 exit status
CMakeFiles/cmTC_90698.dir/build.make:97: recipe for target 'cmTC_90698' failed
make[1]: *** [cmTC_90698] Error 1
make[1]: Leaving directory '/mnt/c/Users/mindy/OneDrive/Documents/Classes/Spring 2022/Open Source Software/Class Git/CSCI-4470-OpenSource/Modules/05.BuildSystems/Ex-sp17/build/cmake/Help/guide/tutorial/Step5_build/CMakeFiles/CMakeTmp'
Makefile:126: recipe for target 'cmTC_90698/fast' failed
make: *** [cmTC_90698/fast] Error 2

File /mnt/c/Users/mindy/OneDrive/Documents/Classes/Spring 2022/Open Source Software/Class Git/CSCI-4470-OpenSource/Modules/05.BuildSystems/Ex-sp17/build/cmake/Help/guide/tutorial/Step5_build/CMakeFiles/CMakeTmp/CheckSymbolExists.c:
/* */
#include <math.h>

int main(int argc, char** argv)
{
  (void)argv;
#ifndef log
  return ((int*)(&log))[argc];
#else
  (void)argc;
  return 0;
#endif
}

Determining if the exp exist failed with the following output:
Change Dir: /mnt/c/Users/mindy/OneDrive/Documents/Classes/Spring 2022/Open Source Software/Class Git/CSCI-4470-OpenSource/Modules/05.BuildSystems/Ex-sp17/build/cmake/Help/guide/tutorial/Step5_build/CMakeFiles/CMakeTmp

Run Build Command:"/usr/bin/make" "cmTC_59d5a/fast"
/usr/bin/make -f CMakeFiles/cmTC_59d5a.dir/build.make CMakeFiles/cmTC_59d5a.dir/build
make[1]: Entering directory '/mnt/c/Users/mindy/OneDrive/Documents/Classes/Spring 2022/Open Source Software/Class Git/CSCI-4470-OpenSource/Modules/05.BuildSystems/Ex-sp17/build/cmake/Help/guide/tutorial/Step5_build/CMakeFiles/CMakeTmp'
Building C object CMakeFiles/cmTC_59d5a.dir/CheckSymbolExists.c.o
/usr/bin/cc    -o CMakeFiles/cmTC_59d5a.dir/CheckSymbolExists.c.o   -c "/mnt/c/Users/mindy/OneDrive/Documents/Classes/Spring 2022/Open Source Software/Class Git/CSCI-4470-OpenSource/Modules/05.BuildSystems/Ex-sp17/build/cmake/Help/guide/tutorial/Step5_build/CMakeFiles/CMakeTmp/CheckSymbolExists.c"
Linking C executable cmTC_59d5a
/usr/bin/cmake -E cmake_link_script CMakeFiles/cmTC_59d5a.dir/link.txt --verbose=1
/usr/bin/cc      CMakeFiles/cmTC_59d5a.dir/CheckSymbolExists.c.o  -o cmTC_59d5a 
CMakeFiles/cmTC_59d5a.dir/CheckSymbolExists.c.o: In function `main':
CheckSymbolExists.c:(.text+0x1b): undefined reference to `exp'
collect2: error: ld returned 1 exit status
CMakeFiles/cmTC_59d5a.dir/build.make:97: recipe for target 'cmTC_59d5a' failed
make[1]: *** [cmTC_59d5a] Error 1
make[1]: Leaving directory '/mnt/c/Users/mindy/OneDrive/Documents/Classes/Spring 2022/Open Source Software/Class Git/CSCI-4470-OpenSource/Modules/05.BuildSystems/Ex-sp17/build/cmake/Help/guide/tutorial/Step5_build/CMakeFiles/CMakeTmp'
Makefile:126: recipe for target 'cmTC_59d5a/fast' failed
make: *** [cmTC_59d5a/fast] Error 2

File /mnt/c/Users/mindy/OneDrive/Documents/Classes/Spring 2022/Open Source Software/Class Git/CSCI-4470-OpenSource/Modules/05.BuildSystems/Ex-sp17/build/cmake/Help/guide/tutorial/Step5_build/CMakeFiles/CMakeTmp/CheckSymbolExists.c:
/* */
#include <math.h>

int main(int argc, char** argv)
{
  (void)argv;
#ifndef exp
  return ((int*)(&exp))[argc];
#else
  (void)argc;
  return 0;
#endif
}

